<?xml version="1.0" encoding="UTF-8"?>
<testsuite xmlns:xsi="http://www.w3.org/2001/XMLSchema-instance" xsi:noNamespaceSchemaLocation="https://maven.apache.org/surefire/maven-surefire-plugin/xsd/surefire-test-report.xsd" name="TestSuite" time="45.101" tests="3" errors="0" skipped="0" failures="0">
  <properties>
    <property name="sun.desktop" value="windows"/>
    <property name="awt.toolkit" value="sun.awt.windows.WToolkit"/>
    <property name="file.encoding.pkg" value="sun.io"/>
    <property name="java.specification.version" value="1.8"/>
    <property name="sun.cpu.isalist" value="amd64"/>
    <property name="sun.jnu.encoding" value="GBK"/>
    <property name="java.class.path" value="E:\IdeaWork\Java\UI\MavenTest\target\test-classes;E:\IdeaWork\Java\UI\MavenTest\target\classes;E:\Users\zhongyang.he\.m2\repository\org\seleniumhq\selenium\selenium-java\3.4.0\selenium-java-3.4.0.jar;E:\Users\zhongyang.he\.m2\repository\org\seleniumhq\selenium\selenium-api\3.4.0\selenium-api-3.4.0.jar;E:\Users\zhongyang.he\.m2\repository\org\seleniumhq\selenium\selenium-chrome-driver\3.4.0\selenium-chrome-driver-3.4.0.jar;E:\Users\zhongyang.he\.m2\repository\org\seleniumhq\selenium\selenium-edge-driver\3.4.0\selenium-edge-driver-3.4.0.jar;E:\Users\zhongyang.he\.m2\repository\org\seleniumhq\selenium\selenium-firefox-driver\3.4.0\selenium-firefox-driver-3.4.0.jar;E:\Users\zhongyang.he\.m2\repository\org\seleniumhq\selenium\selenium-ie-driver\3.4.0\selenium-ie-driver-3.4.0.jar;E:\Users\zhongyang.he\.m2\repository\org\seleniumhq\selenium\selenium-opera-driver\3.4.0\selenium-opera-driver-3.4.0.jar;E:\Users\zhongyang.he\.m2\repository\org\seleniumhq\selenium\selenium-remote-driver\3.4.0\selenium-remote-driver-3.4.0.jar;E:\Users\zhongyang.he\.m2\repository\org\seleniumhq\selenium\selenium-safari-driver\3.4.0\selenium-safari-driver-3.4.0.jar;E:\Users\zhongyang.he\.m2\repository\org\seleniumhq\selenium\selenium-support\3.4.0\selenium-support-3.4.0.jar;E:\Users\zhongyang.he\.m2\repository\cglib\cglib-nodep\3.2.4\cglib-nodep-3.2.4.jar;E:\Users\zhongyang.he\.m2\repository\org\apache\commons\commons-exec\1.3\commons-exec-1.3.jar;E:\Users\zhongyang.he\.m2\repository\org\apache\commons\commons-lang3\3.5\commons-lang3-3.5.jar;E:\Users\zhongyang.he\.m2\repository\commons-codec\commons-codec\1.10\commons-codec-1.10.jar;E:\Users\zhongyang.he\.m2\repository\commons-io\commons-io\2.5\commons-io-2.5.jar;E:\Users\zhongyang.he\.m2\repository\commons-logging\commons-logging\1.2\commons-logging-1.2.jar;E:\Users\zhongyang.he\.m2\repository\org\w3c\css\sac\1.3\sac-1.3.jar;E:\Users\zhongyang.he\.m2\repository\net\sourceforge\cssparser\cssparser\0.9.22\cssparser-0.9.22.jar;E:\Users\zhongyang.he\.m2\repository\com\google\code\gson\gson\2.8.0\gson-2.8.0.jar;E:\Users\zhongyang.he\.m2\repository\com\google\guava\guava\21.0\guava-21.0.jar;E:\Users\zhongyang.he\.m2\repository\org\hamcrest\hamcrest-core\1.3\hamcrest-core-1.3.jar;E:\Users\zhongyang.he\.m2\repository\net\sourceforge\htmlunit\htmlunit\2.26\htmlunit-2.26.jar;E:\Users\zhongyang.he\.m2\repository\net\sourceforge\htmlunit\htmlunit-core-js\2.26\htmlunit-core-js-2.26.jar;E:\Users\zhongyang.he\.m2\repository\net\sourceforge\htmlunit\neko-htmlunit\2.25\neko-htmlunit-2.25.jar;E:\Users\zhongyang.he\.m2\repository\org\apache\httpcomponents\httpclient\4.5.3\httpclient-4.5.3.jar;E:\Users\zhongyang.he\.m2\repository\org\apache\httpcomponents\httpcore\4.4.6\httpcore-4.4.6.jar;E:\Users\zhongyang.he\.m2\repository\org\apache\httpcomponents\httpmime\4.5.3\httpmime-4.5.3.jar;E:\Users\zhongyang.he\.m2\repository\org\eclipse\jetty\jetty-io\9.4.1.v20170120\jetty-io-9.4.1.v20170120.jar;E:\Users\zhongyang.he\.m2\repository\org\eclipse\jetty\jetty-util\9.4.1.v20170120\jetty-util-9.4.1.v20170120.jar;E:\Users\zhongyang.he\.m2\repository\net\java\dev\jna\jna\4.1.0\jna-4.1.0.jar;E:\Users\zhongyang.he\.m2\repository\net\java\dev\jna\jna-platform\4.1.0\jna-platform-4.1.0.jar;E:\Users\zhongyang.he\.m2\repository\junit\junit\4.12\junit-4.12.jar;E:\Users\zhongyang.he\.m2\repository\com\codeborne\phantomjsdriver\1.4.0\phantomjsdriver-1.4.0.jar;E:\Users\zhongyang.he\.m2\repository\org\seleniumhq\selenium\htmlunit-driver\2.26\htmlunit-driver-2.26.jar;E:\Users\zhongyang.he\.m2\repository\javax\servlet\javax.servlet-api\3.1.0\javax.servlet-api-3.1.0.jar;E:\Users\zhongyang.he\.m2\repository\org\eclipse\jetty\websocket\websocket-api\9.4.3.v20170317\websocket-api-9.4.3.v20170317.jar;E:\Users\zhongyang.he\.m2\repository\org\eclipse\jetty\websocket\websocket-client\9.4.3.v20170317\websocket-client-9.4.3.v20170317.jar;E:\Users\zhongyang.he\.m2\repository\org\eclipse\jetty\jetty-client\9.4.3.v20170317\jetty-client-9.4.3.v20170317.jar;E:\Users\zhongyang.he\.m2\repository\org\eclipse\jetty\jetty-http\9.4.3.v20170317\jetty-http-9.4.3.v20170317.jar;E:\Users\zhongyang.he\.m2\repository\org\eclipse\jetty\websocket\websocket-common\9.4.3.v20170317\websocket-common-9.4.3.v20170317.jar;E:\Users\zhongyang.he\.m2\repository\xalan\serializer\2.7.2\serializer-2.7.2.jar;E:\Users\zhongyang.he\.m2\repository\xalan\xalan\2.7.2\xalan-2.7.2.jar;E:\Users\zhongyang.he\.m2\repository\xerces\xercesImpl\2.11.0\xercesImpl-2.11.0.jar;E:\Users\zhongyang.he\.m2\repository\xml-apis\xml-apis\1.4.01\xml-apis-1.4.01.jar;E:\Users\zhongyang.he\.m2\repository\org\testng\testng\6.14.3\testng-6.14.3.jar;E:\Users\zhongyang.he\.m2\repository\com\beust\jcommander\1.72\jcommander-1.72.jar;E:\Users\zhongyang.he\.m2\repository\org\apache-extras\beanshell\bsh\2.0b6\bsh-2.0b6.jar;E:\Users\zhongyang.he\.m2\repository\org\uncommons\reportng\1.1.4\reportng-1.1.4.jar;E:\Users\zhongyang.he\.m2\repository\velocity\velocity\1.4\velocity-1.4.jar;E:\Users\zhongyang.he\.m2\repository\velocity\velocity-dep\1.4\velocity-dep-1.4.jar;E:\Users\zhongyang.he\.m2\repository\com\google\inject\guice\3.0\guice-3.0.jar;E:\Users\zhongyang.he\.m2\repository\javax\inject\javax.inject\1\javax.inject-1.jar;E:\Users\zhongyang.he\.m2\repository\aopalliance\aopalliance\1.0\aopalliance-1.0.jar;E:\Users\zhongyang.he\.m2\repository\javax\mail\mail\1.4.7\mail-1.4.7.jar;E:\Users\zhongyang.he\.m2\repository\javax\activation\activation\1.1\activation-1.1.jar;E:\Users\zhongyang.he\.m2\repository\com\aventstack\extentreports\3.1.2\extentreports-3.1.2.jar;E:\Users\zhongyang.he\.m2\repository\org\freemarker\freemarker\2.3.23\freemarker-2.3.23.jar;E:\Users\zhongyang.he\.m2\repository\org\mongodb\mongodb-driver\3.3.0\mongodb-driver-3.3.0.jar;E:\Users\zhongyang.he\.m2\repository\org\mongodb\bson\3.3.0\bson-3.3.0.jar;E:\Users\zhongyang.he\.m2\repository\org\mongodb\mongodb-driver-core\3.3.0\mongodb-driver-core-3.3.0.jar;E:\Users\zhongyang.he\.m2\repository\org\jsoup\jsoup\1.9.2\jsoup-1.9.2.jar;E:\Users\zhongyang.he\.m2\repository\org\apache\poi\poi\4.1.2\poi-4.1.2.jar;E:\Users\zhongyang.he\.m2\repository\org\apache\commons\commons-collections4\4.4\commons-collections4-4.4.jar;E:\Users\zhongyang.he\.m2\repository\org\apache\commons\commons-math3\3.6.1\commons-math3-3.6.1.jar;E:\Users\zhongyang.he\.m2\repository\com\zaxxer\SparseBitSet\1.2\SparseBitSet-1.2.jar;E:\Users\zhongyang.he\.m2\repository\org\apache\poi\poi-ooxml\4.1.2\poi-ooxml-4.1.2.jar;E:\Users\zhongyang.he\.m2\repository\org\apache\poi\poi-ooxml-schemas\4.1.2\poi-ooxml-schemas-4.1.2.jar;E:\Users\zhongyang.he\.m2\repository\org\apache\xmlbeans\xmlbeans\3.1.0\xmlbeans-3.1.0.jar;E:\Users\zhongyang.he\.m2\repository\org\apache\commons\commons-compress\1.19\commons-compress-1.19.jar;E:\Users\zhongyang.he\.m2\repository\com\github\virtuald\curvesapi\1.06\curvesapi-1.06.jar;"/>
    <property name="java.vm.vendor" value="Oracle Corporation"/>
    <property name="sun.arch.data.model" value="64"/>
    <property name="user.variant" value=""/>
    <property name="java.vendor.url" value="http://java.oracle.com/"/>
    <property name="user.timezone" value="Asia/Shanghai"/>
    <property name="java.vm.specification.version" value="1.8"/>
    <property name="os.name" value="Windows 7"/>
    <property name="user.country" value="CN"/>
    <property name="sun.java.launcher" value="SUN_STANDARD"/>
    <property name="sun.boot.library.path" value="E:\Java\Jdk\jre\bin"/>
    <property name="sun.java.command" value="C:\Users\ADMINI~1\AppData\Local\Temp\surefire2937485022481276509\surefirebooter7678441136595343018.jar C:\Users\Administrator\AppData\Local\Temp\surefire2937485022481276509 2020-04-20T23-05-51_877-jvmRun1 surefire6248752947163201911tmp surefire_07047008097128271407tmp"/>
    <property name="surefire.test.class.path" value="E:\IdeaWork\Java\UI\MavenTest\target\test-classes;E:\IdeaWork\Java\UI\MavenTest\target\classes;E:\Users\zhongyang.he\.m2\repository\org\seleniumhq\selenium\selenium-java\3.4.0\selenium-java-3.4.0.jar;E:\Users\zhongyang.he\.m2\repository\org\seleniumhq\selenium\selenium-api\3.4.0\selenium-api-3.4.0.jar;E:\Users\zhongyang.he\.m2\repository\org\seleniumhq\selenium\selenium-chrome-driver\3.4.0\selenium-chrome-driver-3.4.0.jar;E:\Users\zhongyang.he\.m2\repository\org\seleniumhq\selenium\selenium-edge-driver\3.4.0\selenium-edge-driver-3.4.0.jar;E:\Users\zhongyang.he\.m2\repository\org\seleniumhq\selenium\selenium-firefox-driver\3.4.0\selenium-firefox-driver-3.4.0.jar;E:\Users\zhongyang.he\.m2\repository\org\seleniumhq\selenium\selenium-ie-driver\3.4.0\selenium-ie-driver-3.4.0.jar;E:\Users\zhongyang.he\.m2\repository\org\seleniumhq\selenium\selenium-opera-driver\3.4.0\selenium-opera-driver-3.4.0.jar;E:\Users\zhongyang.he\.m2\repository\org\seleniumhq\selenium\selenium-remote-driver\3.4.0\selenium-remote-driver-3.4.0.jar;E:\Users\zhongyang.he\.m2\repository\org\seleniumhq\selenium\selenium-safari-driver\3.4.0\selenium-safari-driver-3.4.0.jar;E:\Users\zhongyang.he\.m2\repository\org\seleniumhq\selenium\selenium-support\3.4.0\selenium-support-3.4.0.jar;E:\Users\zhongyang.he\.m2\repository\cglib\cglib-nodep\3.2.4\cglib-nodep-3.2.4.jar;E:\Users\zhongyang.he\.m2\repository\org\apache\commons\commons-exec\1.3\commons-exec-1.3.jar;E:\Users\zhongyang.he\.m2\repository\org\apache\commons\commons-lang3\3.5\commons-lang3-3.5.jar;E:\Users\zhongyang.he\.m2\repository\commons-codec\commons-codec\1.10\commons-codec-1.10.jar;E:\Users\zhongyang.he\.m2\repository\commons-io\commons-io\2.5\commons-io-2.5.jar;E:\Users\zhongyang.he\.m2\repository\commons-logging\commons-logging\1.2\commons-logging-1.2.jar;E:\Users\zhongyang.he\.m2\repository\org\w3c\css\sac\1.3\sac-1.3.jar;E:\Users\zhongyang.he\.m2\repository\net\sourceforge\cssparser\cssparser\0.9.22\cssparser-0.9.22.jar;E:\Users\zhongyang.he\.m2\repository\com\google\code\gson\gson\2.8.0\gson-2.8.0.jar;E:\Users\zhongyang.he\.m2\repository\com\google\guava\guava\21.0\guava-21.0.jar;E:\Users\zhongyang.he\.m2\repository\org\hamcrest\hamcrest-core\1.3\hamcrest-core-1.3.jar;E:\Users\zhongyang.he\.m2\repository\net\sourceforge\htmlunit\htmlunit\2.26\htmlunit-2.26.jar;E:\Users\zhongyang.he\.m2\repository\net\sourceforge\htmlunit\htmlunit-core-js\2.26\htmlunit-core-js-2.26.jar;E:\Users\zhongyang.he\.m2\repository\net\sourceforge\htmlunit\neko-htmlunit\2.25\neko-htmlunit-2.25.jar;E:\Users\zhongyang.he\.m2\repository\org\apache\httpcomponents\httpclient\4.5.3\httpclient-4.5.3.jar;E:\Users\zhongyang.he\.m2\repository\org\apache\httpcomponents\httpcore\4.4.6\httpcore-4.4.6.jar;E:\Users\zhongyang.he\.m2\repository\org\apache\httpcomponents\httpmime\4.5.3\httpmime-4.5.3.jar;E:\Users\zhongyang.he\.m2\repository\org\eclipse\jetty\jetty-io\9.4.1.v20170120\jetty-io-9.4.1.v20170120.jar;E:\Users\zhongyang.he\.m2\repository\org\eclipse\jetty\jetty-util\9.4.1.v20170120\jetty-util-9.4.1.v20170120.jar;E:\Users\zhongyang.he\.m2\repository\net\java\dev\jna\jna\4.1.0\jna-4.1.0.jar;E:\Users\zhongyang.he\.m2\repository\net\java\dev\jna\jna-platform\4.1.0\jna-platform-4.1.0.jar;E:\Users\zhongyang.he\.m2\repository\junit\junit\4.12\junit-4.12.jar;E:\Users\zhongyang.he\.m2\repository\com\codeborne\phantomjsdriver\1.4.0\phantomjsdriver-1.4.0.jar;E:\Users\zhongyang.he\.m2\repository\org\seleniumhq\selenium\htmlunit-driver\2.26\htmlunit-driver-2.26.jar;E:\Users\zhongyang.he\.m2\repository\javax\servlet\javax.servlet-api\3.1.0\javax.servlet-api-3.1.0.jar;E:\Users\zhongyang.he\.m2\repository\org\eclipse\jetty\websocket\websocket-api\9.4.3.v20170317\websocket-api-9.4.3.v20170317.jar;E:\Users\zhongyang.he\.m2\repository\org\eclipse\jetty\websocket\websocket-client\9.4.3.v20170317\websocket-client-9.4.3.v20170317.jar;E:\Users\zhongyang.he\.m2\repository\org\eclipse\jetty\jetty-client\9.4.3.v20170317\jetty-client-9.4.3.v20170317.jar;E:\Users\zhongyang.he\.m2\repository\org\eclipse\jetty\jetty-http\9.4.3.v20170317\jetty-http-9.4.3.v20170317.jar;E:\Users\zhongyang.he\.m2\repository\org\eclipse\jetty\websocket\websocket-common\9.4.3.v20170317\websocket-common-9.4.3.v20170317.jar;E:\Users\zhongyang.he\.m2\repository\xalan\serializer\2.7.2\serializer-2.7.2.jar;E:\Users\zhongyang.he\.m2\repository\xalan\xalan\2.7.2\xalan-2.7.2.jar;E:\Users\zhongyang.he\.m2\repository\xerces\xercesImpl\2.11.0\xercesImpl-2.11.0.jar;E:\Users\zhongyang.he\.m2\repository\xml-apis\xml-apis\1.4.01\xml-apis-1.4.01.jar;E:\Users\zhongyang.he\.m2\repository\org\testng\testng\6.14.3\testng-6.14.3.jar;E:\Users\zhongyang.he\.m2\repository\com\beust\jcommander\1.72\jcommander-1.72.jar;E:\Users\zhongyang.he\.m2\repository\org\apache-extras\beanshell\bsh\2.0b6\bsh-2.0b6.jar;E:\Users\zhongyang.he\.m2\repository\org\uncommons\reportng\1.1.4\reportng-1.1.4.jar;E:\Users\zhongyang.he\.m2\repository\velocity\velocity\1.4\velocity-1.4.jar;E:\Users\zhongyang.he\.m2\repository\velocity\velocity-dep\1.4\velocity-dep-1.4.jar;E:\Users\zhongyang.he\.m2\repository\com\google\inject\guice\3.0\guice-3.0.jar;E:\Users\zhongyang.he\.m2\repository\javax\inject\javax.inject\1\javax.inject-1.jar;E:\Users\zhongyang.he\.m2\repository\aopalliance\aopalliance\1.0\aopalliance-1.0.jar;E:\Users\zhongyang.he\.m2\repository\javax\mail\mail\1.4.7\mail-1.4.7.jar;E:\Users\zhongyang.he\.m2\repository\javax\activation\activation\1.1\activation-1.1.jar;E:\Users\zhongyang.he\.m2\repository\com\aventstack\extentreports\3.1.2\extentreports-3.1.2.jar;E:\Users\zhongyang.he\.m2\repository\org\freemarker\freemarker\2.3.23\freemarker-2.3.23.jar;E:\Users\zhongyang.he\.m2\repository\org\mongodb\mongodb-driver\3.3.0\mongodb-driver-3.3.0.jar;E:\Users\zhongyang.he\.m2\repository\org\mongodb\bson\3.3.0\bson-3.3.0.jar;E:\Users\zhongyang.he\.m2\repository\org\mongodb\mongodb-driver-core\3.3.0\mongodb-driver-core-3.3.0.jar;E:\Users\zhongyang.he\.m2\repository\org\jsoup\jsoup\1.9.2\jsoup-1.9.2.jar;E:\Users\zhongyang.he\.m2\repository\org\apache\poi\poi\4.1.2\poi-4.1.2.jar;E:\Users\zhongyang.he\.m2\repository\org\apache\commons\commons-collections4\4.4\commons-collections4-4.4.jar;E:\Users\zhongyang.he\.m2\repository\org\apache\commons\commons-math3\3.6.1\commons-math3-3.6.1.jar;E:\Users\zhongyang.he\.m2\repository\com\zaxxer\SparseBitSet\1.2\SparseBitSet-1.2.jar;E:\Users\zhongyang.he\.m2\repository\org\apache\poi\poi-ooxml\4.1.2\poi-ooxml-4.1.2.jar;E:\Users\zhongyang.he\.m2\repository\org\apache\poi\poi-ooxml-schemas\4.1.2\poi-ooxml-schemas-4.1.2.jar;E:\Users\zhongyang.he\.m2\repository\org\apache\xmlbeans\xmlbeans\3.1.0\xmlbeans-3.1.0.jar;E:\Users\zhongyang.he\.m2\repository\org\apache\commons\commons-compress\1.19\commons-compress-1.19.jar;E:\Users\zhongyang.he\.m2\repository\com\github\virtuald\curvesapi\1.06\curvesapi-1.06.jar;"/>
    <property name="sun.cpu.endian" value="little"/>
    <property name="user.home" value="C:\Users\Administrator"/>
    <property name="user.language" value="zh"/>
    <property name="java.specification.vendor" value="Oracle Corporation"/>
    <property name="java.home" value="E:\Java\Jdk\jre"/>
    <property name="basedir" value="E:\IdeaWork\Java\UI\MavenTest"/>
    <property name="file.separator" value="\"/>
    <property name="line.separator" value="&#10;"/>
    <property name="java.vm.specification.vendor" value="Oracle Corporation"/>
    <property name="java.specification.name" value="Java Platform API Specification"/>
    <property name="java.awt.graphicsenv" value="sun.awt.Win32GraphicsEnvironment"/>
    <property name="surefire.real.class.path" value="C:\Users\ADMINI~1\AppData\Local\Temp\surefire2937485022481276509\surefirebooter7678441136595343018.jar"/>
    <property name="sun.boot.class.path" value="E:\Java\Jdk\jre\lib\resources.jar;E:\Java\Jdk\jre\lib\rt.jar;E:\Java\Jdk\jre\lib\sunrsasign.jar;E:\Java\Jdk\jre\lib\jsse.jar;E:\Java\Jdk\jre\lib\jce.jar;E:\Java\Jdk\jre\lib\charsets.jar;E:\Java\Jdk\jre\lib\jfr.jar;E:\Java\Jdk\jre\classes"/>
    <property name="user.script" value=""/>
    <property name="sun.management.compiler" value="HotSpot 64-Bit Tiered Compilers"/>
    <property name="java.runtime.version" value="1.8.0_181-b13"/>
    <property name="user.name" value="Administrator"/>
    <property name="path.separator" value=";"/>
    <property name="os.version" value="6.1"/>
    <property name="java.endorsed.dirs" value="E:\Java\Jdk\jre\lib\endorsed"/>
    <property name="java.runtime.name" value="Java(TM) SE Runtime Environment"/>
    <property name="file.encoding" value="GBK"/>
    <property name="java.vm.name" value="Java HotSpot(TM) 64-Bit Server VM"/>
    <property name="localRepository" value="E:\Users\zhongyang.he\.m2\repository"/>
    <property name="java.vendor.url.bug" value="http://bugreport.sun.com/bugreport/"/>
    <property name="java.io.tmpdir" value="C:\Users\ADMINI~1\AppData\Local\Temp\"/>
    <property name="java.version" value="1.8.0_181"/>
    <property name="user.dir" value="E:\IdeaWork\Java\UI\MavenTest\target"/>
    <property name="os.arch" value="amd64"/>
    <property name="java.vm.specification.name" value="Java Virtual Machine Specification"/>
    <property name="java.awt.printerjob" value="sun.awt.windows.WPrinterJob"/>
    <property name="sun.os.patch.level" value="Service Pack 1"/>
    <property name="java.library.path" value="E:\Java\Jdk\jre\bin;C:\Windows\Sun\Java\bin;C:\Windows\system32;C:\Windows;E:\Xshell\;C:\Program Files (x86)\Common Files\Oracle\Java\javapath;C:\Windows\system32;C:\Windows;C:\Windows\System32\Wbem;C:\Windows\System32\WindowsPowerShell\v1.0\;E:\Java\Jdk\bin;E:\Java\Jdk\jre\bin;E:\Maven\apache-maven-3.5.2-bin\apache-maven-3.5.2\bin;E:\apache-jmeter-4.0\bin;E:\git\Git\cmd;C:\Users\Administrator\AppData\Local\Google\Chrome\Application;D:\Firefox;E:\nodejs\;E:\mongodb\bin;C:\Users\Administrator\AppData\Roaming\npm;."/>
    <property name="java.vm.info" value="mixed mode"/>
    <property name="java.vendor" value="Oracle Corporation"/>
    <property name="java.vm.version" value="25.181-b13"/>
    <property name="java.ext.dirs" value="E:\Java\Jdk\jre\lib\ext;C:\Windows\Sun\Java\lib\ext"/>
    <property name="sun.io.unicode.encoding" value="UnicodeLittle"/>
    <property name="java.class.version" value="52.0"/>
  </properties>
  <testcase name="browser" classname="cases.BrowserTest" time="9.286"/>
  <testcase name="browser" classname="cases.BrowserTest" time="8.655"/>
  <testcase name="browser" classname="cases.BrowserTest" time="8.699"/>
</testsuite>