<?xml version="1.0" encoding="UTF-8"?>
<!-- Generated by org.testng.reporters.JUnitReportReporter -->
<testsuite skipped="0" hostname="hezhongyang" name="cases.BrowserTest" tests="3" failures="0" timestamp="20 Apr 2020 15:03:20 GMT" time="26.865" errors="0">
  <testcase name="browser" time="8.701" classname="cases.BrowserTest"/>
  <testcase name="browser" time="9.401" classname="cases.BrowserTest"/>
  <testcase name="browser" time="8.763" classname="cases.BrowserTest"/>
</testsuite> <!-- cases.BrowserTest -->
