<?xml version="1.0" encoding="UTF-8"?>
<!-- Generated by org.testng.reporters.JUnitReportReporter -->
<testsuite skipped="0" hostname="hezhongyang" name="cases.BrowserTest" tests="3" failures="0" timestamp="20 Apr 2020 14:29:08 GMT" time="26.827" errors="0">
  <testcase name="browser" time="9.415" classname="cases.BrowserTest"/>
  <testcase name="browser" time="8.702" classname="cases.BrowserTest"/>
  <testcase name="browser" time="8.710" classname="cases.BrowserTest"/>
</testsuite> <!-- cases.BrowserTest -->
